Build started 19-04-2015 22:25:57.
     1>Project "C:\Users\Jeppe\Dropbox\Jeppe\Programmering\Bengine3D\Bengine3D\Bengine3D.vcxproj" on node 2 (Build target(s)).
     1>ClCompile:
         D:\Programmer\Visual Studio\VC\bin\CL.exe /c /IAngel /I../dependencies/include/ /Zi /nologo /W4 /WX- /O2 /Oi /Oy- /GL /D _CRT_SECURE_NO_WARNINGS /D WIN32 /D NDEBUG /D _CONSOLE /Gm- /EHsc /MT /GS /Gy /fp:precise /Zc:wchar_t /Zc:forScope /Fo"Release\\" /Fd"Release\vc120.pdb" /Gd /TP /analyze- /errorReport:prompt Scene.cpp main.cpp
         Scene.cpp
     1>c:\users\jeppe\dropbox\jeppe\programmering\bengine3d\bengine3d\angel\Angel.h(74): warning C4305: 'initializing' : truncation from 'double' to 'const GLfloat'
     1>c:\users\jeppe\dropbox\jeppe\programmering\bengine3d\bengine3d\angel\mat.h(590): warning C4127: conditional expression is constant
     1>c:\users\jeppe\dropbox\jeppe\programmering\bengine3d\bengine3d\angel\mat.h(707): warning C4244: '=' : conversion from 'double' to 'GLfloat', possible loss of data
     1>c:\users\jeppe\dropbox\jeppe\programmering\bengine3d\bengine3d\angel\mat.h(708): warning C4244: '=' : conversion from 'double' to 'GLfloat', possible loss of data
     1>c:\users\jeppe\dropbox\jeppe\programmering\bengine3d\bengine3d\angel\mat.h(709): warning C4244: '=' : conversion from 'double' to 'GLfloat', possible loss of data
     1>c:\users\jeppe\dropbox\jeppe\programmering\bengine3d\bengine3d\angel\mat.h(730): warning C4244: '=' : conversion from 'double' to 'GLfloat', possible loss of data
     1>c:\users\jeppe\dropbox\jeppe\programmering\bengine3d\bengine3d\angel\mat.h(732): warning C4244: '=' : conversion from 'double' to 'GLfloat', possible loss of data
     1>c:\users\jeppe\dropbox\jeppe\programmering\bengine3d\bengine3d\angel\mat.h(735): warning C4244: '=' : conversion from 'double' to 'GLfloat', possible loss of data
     1>c:\users\jeppe\dropbox\jeppe\programmering\bengine3d\bengine3d\angel\mat.h(753): warning C4244: '=' : conversion from 'double' to 'GLfloat', possible loss of data
     1>c:\users\jeppe\dropbox\jeppe\programmering\bengine3d\bengine3d\angel\mat.h(805): warning C4127: conditional expression is constant
     1>c:\users\jeppe\dropbox\jeppe\programmering\bengine3d\bengine3d\angel\mat.h(812): warning C4127: conditional expression is constant
     1>c:\users\jeppe\dropbox\jeppe\programmering\bengine3d\bengine3d\angel\mat.h(819): warning C4127: conditional expression is constant
     1>c:\users\jeppe\dropbox\jeppe\programmering\bengine3d\bengine3d\angel\mat.h(827): warning C4127: conditional expression is constant
     1>Scene.cpp(55): warning C4127: conditional expression is constant
     1>c:\users\jeppe\dropbox\jeppe\programmering\bengine3d\dependencies\include\gl\freeglut_std.h(614): warning C4505: 'glutInit_ATEXIT_HACK' : unreferenced local function has been removed
     1>c:\users\jeppe\dropbox\jeppe\programmering\bengine3d\dependencies\include\gl\freeglut_std.h(616): warning C4505: 'glutCreateWindow_ATEXIT_HACK' : unreferenced local function has been removed
     1>c:\users\jeppe\dropbox\jeppe\programmering\bengine3d\dependencies\include\gl\freeglut_std.h(618): warning C4505: 'glutCreateMenu_ATEXIT_HACK' : unreferenced local function has been removed
     1>c:\users\jeppe\dropbox\jeppe\programmering\bengine3d\bengine3d\angel\CheckError.h(45): warning C4505: 'Angel::_CheckError' : unreferenced local function has been removed
         main.cpp
     1>C:\Users\Jeppe\Dropbox\Jeppe\Programmering\Bengine3D\Bengine3D\Angel\Angel.h(74): warning C4305: 'initializing' : truncation from 'double' to 'const GLfloat'
     1>c:\users\jeppe\dropbox\jeppe\programmering\bengine3d\bengine3d\angel\mat.h(590): warning C4127: conditional expression is constant
     1>c:\users\jeppe\dropbox\jeppe\programmering\bengine3d\bengine3d\angel\mat.h(707): warning C4244: '=' : conversion from 'double' to 'GLfloat', possible loss of data
     1>c:\users\jeppe\dropbox\jeppe\programmering\bengine3d\bengine3d\angel\mat.h(708): warning C4244: '=' : conversion from 'double' to 'GLfloat', possible loss of data
     1>c:\users\jeppe\dropbox\jeppe\programmering\bengine3d\bengine3d\angel\mat.h(709): warning C4244: '=' : conversion from 'double' to 'GLfloat', possible loss of data
     1>c:\users\jeppe\dropbox\jeppe\programmering\bengine3d\bengine3d\angel\mat.h(730): warning C4244: '=' : conversion from 'double' to 'GLfloat', possible loss of data
     1>c:\users\jeppe\dropbox\jeppe\programmering\bengine3d\bengine3d\angel\mat.h(732): warning C4244: '=' : conversion from 'double' to 'GLfloat', possible loss of data
     1>c:\users\jeppe\dropbox\jeppe\programmering\bengine3d\bengine3d\angel\mat.h(735): warning C4244: '=' : conversion from 'double' to 'GLfloat', possible loss of data
     1>c:\users\jeppe\dropbox\jeppe\programmering\bengine3d\bengine3d\angel\mat.h(753): warning C4244: '=' : conversion from 'double' to 'GLfloat', possible loss of data
     1>c:\users\jeppe\dropbox\jeppe\programmering\bengine3d\bengine3d\angel\mat.h(805): warning C4127: conditional expression is constant
     1>c:\users\jeppe\dropbox\jeppe\programmering\bengine3d\bengine3d\angel\mat.h(812): warning C4127: conditional expression is constant
     1>c:\users\jeppe\dropbox\jeppe\programmering\bengine3d\bengine3d\angel\mat.h(819): warning C4127: conditional expression is constant
     1>c:\users\jeppe\dropbox\jeppe\programmering\bengine3d\bengine3d\angel\mat.h(827): warning C4127: conditional expression is constant
     1>main.cpp(131): warning C4305: 'argument' : truncation from 'double' to 'float'
     1>main.cpp(379): warning C4100: 'y' : unreferenced formal parameter
     1>main.cpp(379): warning C4100: 'x' : unreferenced formal parameter
     1>main.cpp(413): warning C4100: 'y' : unreferenced formal parameter
     1>main.cpp(413): warning C4100: 'x' : unreferenced formal parameter
     1>c:\users\jeppe\dropbox\jeppe\programmering\bengine3d\dependencies\include\gl\freeglut_std.h(618): warning C4505: 'glutCreateMenu_ATEXIT_HACK' : unreferenced local function has been removed
       Link:
         D:\Programmer\Visual Studio\VC\bin\link.exe /ERRORREPORT:PROMPT /OUT:"C:\Users\Jeppe\Dropbox\Jeppe\Programmering\Bengine3D\Release\Bengine3D.exe" /INCREMENTAL:NO /NOLOGO ../dependencies/lib/glew32.lib ../dependencies/lib/freeglut.lib kernel32.lib user32.lib gdi32.lib winspool.lib comdlg32.lib advapi32.lib shell32.lib ole32.lib oleaut32.lib uuid.lib odbc32.lib odbccp32.lib /MANIFEST /MANIFESTUAC:"level='asInvoker' uiAccess='false'" /manifest:embed /DEBUG /PDB:"C:\Users\Jeppe\Dropbox\Jeppe\Programmering\Bengine3D\Release\Bengine3D.pdb" /SUBSYSTEM:CONSOLE /OPT:REF /OPT:ICF /LTCG /TLBID:1 /DYNAMICBASE /NXCOMPAT /IMPLIB:"C:\Users\Jeppe\Dropbox\Jeppe\Programmering\Bengine3D\Release\Bengine3D.lib" /MACHINE:X86 /SAFESEH Release\InitShader.obj
         Release\Light.obj
         Release\main.obj
         Release\Material.obj
         Release\Object.obj
         Release\Scene.obj
         Release\Shader.obj
         Release\User.obj
         Generating code
     1>c:\users\jeppe\dropbox\jeppe\programmering\bengine3d\bengine3d\angel\checkerror.h(39): warning C4701: potentially uninitialized local variable 'msg' used
     1>c:\users\jeppe\dropbox\jeppe\programmering\bengine3d\bengine3d\angel\checkerror.h(39): warning C4703: potentially uninitialized local pointer variable 'msg' used
     1>c:\users\jeppe\dropbox\jeppe\programmering\bengine3d\bengine3d\angel\checkerror.h(51): warning C4701: potentially uninitialized local variable 'msg' used
     1>c:\users\jeppe\dropbox\jeppe\programmering\bengine3d\bengine3d\angel\checkerror.h(51): warning C4703: potentially uninitialized local pointer variable 'msg' used
         Finished generating code
         Bengine3D.vcxproj -> C:\Users\Jeppe\Dropbox\Jeppe\Programmering\Bengine3D\Release\Bengine3D.exe
     1>Done Building Project "C:\Users\Jeppe\Dropbox\Jeppe\Programmering\Bengine3D\Bengine3D\Bengine3D.vcxproj" (Build target(s)).

Build succeeded.

Time Elapsed 00:00:03.28
